2025-12-08 02:13:02 +0000 - dagster - DEBUG - pipeline_ingest_then_dbt - 90e2de6e-4cd1-4846-9a5c-c5857230b941 - 225 - LOGS_CAPTURED - Started capturing logs in process (pid: 225).
2025-12-08 02:13:02 +0000 - dagster - DEBUG - pipeline_ingest_then_dbt - 90e2de6e-4cd1-4846-9a5c-c5857230b941 - 225 - run_dbt_models - STEP_START - Started execution of step "run_dbt_models".
2025-12-08 02:13:05 +0000 - dagster - INFO - pipeline_ingest_then_dbt - 90e2de6e-4cd1-4846-9a5c-c5857230b941 - run_dbt_models - Copying `/opt/dagster/app/dbt/target/partial_parse.msgpack` to `/opt/dagster/app/dbt/target/run_dbt_models-90e2de6-9a6d301/partial_parse.msgpack` to take advantage of partial parsing.
2025-12-08 02:13:05 +0000 - dagster - INFO - pipeline_ingest_then_dbt - 90e2de6e-4cd1-4846-9a5c-c5857230b941 - run_dbt_models - Running dbt command: `dbt run`.
2025-12-08 02:13:11 +0000 - dagster - INFO - pipeline_ingest_then_dbt - 90e2de6e-4cd1-4846-9a5c-c5857230b941 - run_dbt_models - Finished dbt command: `dbt run`.
2025-12-08 02:13:11 +0000 - dagster - INFO - pipeline_ingest_then_dbt - 90e2de6e-4cd1-4846-9a5c-c5857230b941 - run_dbt_models - Finished dbt command: `dbt run`.
2025-12-08 02:13:11 +0000 - dagster - ERROR - pipeline_ingest_then_dbt - 90e2de6e-4cd1-4846-9a5c-c5857230b941 - 225 - run_dbt_models - STEP_FAILURE - Execution of step "run_dbt_models" failed.

dagster._core.errors.DagsterExecutionStepExecutionError: Error occurred while executing op "run_dbt_models"::

AttributeError: 'DbtCliInvocation' object has no attribute 'success'

Stack Trace:
  File "/usr/local/lib/python3.10/site-packages/dagster/_core/execution/plan/utils.py", line 57, in op_execution_error_boundary
    yield
  File "/usr/local/lib/python3.10/site-packages/dagster/_utils/__init__.py", line 394, in iterate_with_context
    next_output = next(iterator)
  File "/usr/local/lib/python3.10/site-packages/dagster/_core/execution/plan/compute_generator.py", line 135, in _coerce_op_compute_fn_to_iterator
    result = invoke_compute_fn(
  File "/usr/local/lib/python3.10/site-packages/dagster/_core/execution/plan/compute_generator.py", line 115, in invoke_compute_fn
    return fn(context, **args_to_pass) if context_arg_provided else fn(**args_to_pass)
  File "/opt/dagster/app/ops/run_dbt.py", line 20, in run_dbt_models
    if not result.success:

