2025-12-08 01:48:10 +0000 - dagster - DEBUG - pipeline_ingest_then_dbt - ee85a88f-5a66-4794-9017-c93467ac0ae1 - 118 - LOGS_CAPTURED - Started capturing logs in process (pid: 118).
2025-12-08 01:48:10 +0000 - dagster - DEBUG - pipeline_ingest_then_dbt - ee85a88f-5a66-4794-9017-c93467ac0ae1 - 118 - run_dbt_models - STEP_START - Started execution of step "run_dbt_models".
2025-12-08 01:48:10 +0000 - dagster - INFO - pipeline_ingest_then_dbt - ee85a88f-5a66-4794-9017-c93467ac0ae1 - run_dbt_models - 🚀 Executing dbt...
2025-12-08 01:48:13 +0000 - dagster - INFO - pipeline_ingest_then_dbt - ee85a88f-5a66-4794-9017-c93467ac0ae1 - run_dbt_models - Copying `/opt/dagster/app/dbt/target/partial_parse.msgpack` to `/opt/dagster/app/dbt/target/a746b36/partial_parse.msgpack` to take advantage of partial parsing.
2025-12-08 01:48:13 +0000 - dagster - INFO - pipeline_ingest_then_dbt - ee85a88f-5a66-4794-9017-c93467ac0ae1 - run_dbt_models - Running dbt command: `dbt run`.
2025-12-08 01:48:17 +0000 - dagster - INFO - pipeline_ingest_then_dbt - ee85a88f-5a66-4794-9017-c93467ac0ae1 - run_dbt_models - Finished dbt command: `dbt run`.
2025-12-08 01:48:17 +0000 - dagster - ERROR - pipeline_ingest_then_dbt - ee85a88f-5a66-4794-9017-c93467ac0ae1 - 118 - run_dbt_models - STEP_FAILURE - Execution of step "run_dbt_models" failed.

dagster_dbt.errors.DagsterDbtCliRuntimeError: The dbt CLI process with command

`dbt run`

failed with exit code `2`. Check the stdout in the Dagster compute logs for the full information about the error, or view the dbt debug log: /opt/dagster/app/dbt/target/a746b36/dbt.log.

Errors parsed from dbt logs:

Encountered an error:
Database Error
  connection to server at "localhost" (::1), port 5432 failed: Connection refused
  	Is the server running on that host and accepting TCP/IP connections?
  connection to server at "localhost" (127.0.0.1), port 5432 failed: Connection refused
  	Is the server running on that host and accepting TCP/IP connections?
  

Stack Trace:
  File "/usr/local/lib/python3.10/site-packages/dagster/_core/execution/plan/execute_plan.py", line 247, in dagster_event_sequence_for_step
    yield from check.generator(step_events)
  File "/usr/local/lib/python3.10/site-packages/dagster/_core/execution/plan/execute_step.py", line 504, in core_dagster_event_sequence_for_step
    for user_event in _step_output_error_checked_user_event_sequence(
  File "/usr/local/lib/python3.10/site-packages/dagster/_core/execution/plan/execute_step.py", line 183, in _step_output_error_checked_user_event_sequence
    for user_event in user_event_sequence:
  File "/usr/local/lib/python3.10/site-packages/dagster/_core/execution/plan/execute_step.py", line 88, in _process_asset_results_to_events
    for user_event in user_event_sequence:
  File "/usr/local/lib/python3.10/site-packages/dagster/_core/execution/plan/compute.py", line 188, in execute_core_compute
    for step_output in _yield_compute_results(step_context, inputs, compute_fn, compute_context):
  File "/usr/local/lib/python3.10/site-packages/dagster/_core/execution/plan/compute.py", line 157, in _yield_compute_results
    for event in iterate_with_context(
  File "/usr/local/lib/python3.10/site-packages/dagster/_utils/__init__.py", line 394, in iterate_with_context
    next_output = next(iterator)
  File "/usr/local/lib/python3.10/site-packages/dagster/_core/execution/plan/compute_generator.py", line 135, in _coerce_op_compute_fn_to_iterator
    result = invoke_compute_fn(
  File "/usr/local/lib/python3.10/site-packages/dagster/_core/execution/plan/compute_generator.py", line 115, in invoke_compute_fn
    return fn(context, **args_to_pass) if context_arg_provided else fn(**args_to_pass)
  File "/opt/dagster/app/ops/run_dbt.py", line 10, in run_dbt_models
    result = dbt.cli(["run"]).wait()
  File "/usr/local/lib/python3.10/site-packages/dagster_dbt/core/dbt_cli_invocation.py", line 218, in wait
    list(self.stream_raw_events())
  File "/usr/local/lib/python3.10/site-packages/dagster_dbt/core/dbt_cli_invocation.py", line 381, in stream_raw_events
    self._raise_on_error()
  File "/usr/local/lib/python3.10/site-packages/dagster_dbt/core/dbt_cli_invocation.py", line 474, in _raise_on_error
    raise error

