2025-12-08 02:44:26 +0000 - dagster - DEBUG - pipeline_ingest_then_dbt - a6cfcfc7-a621-4fce-9e44-ab668911d4db - 179 - LOGS_CAPTURED - Started capturing logs in process (pid: 179).
2025-12-08 02:44:26 +0000 - dagster - DEBUG - pipeline_ingest_then_dbt - a6cfcfc7-a621-4fce-9e44-ab668911d4db - 179 - run_dbt_models - STEP_START - Started execution of step "run_dbt_models".
2025-12-08 02:44:26 +0000 - dagster - DEBUG - pipeline_ingest_then_dbt - a6cfcfc7-a621-4fce-9e44-ab668911d4db - run_dbt_models - Loading file from: /opt/dagster/app/storage/a6cfcfc7-a621-4fce-9e44-ab668911d4db/execute_ingestion_script/result using PickledObjectFilesystemIOManager...
2025-12-08 02:44:26 +0000 - dagster - DEBUG - pipeline_ingest_then_dbt - a6cfcfc7-a621-4fce-9e44-ab668911d4db - 179 - run_dbt_models - LOADED_INPUT - Loaded input "upstream" using input manager "io_manager", from output "result" of step "execute_ingestion_script"
2025-12-08 02:44:26 +0000 - dagster - DEBUG - pipeline_ingest_then_dbt - a6cfcfc7-a621-4fce-9e44-ab668911d4db - 179 - run_dbt_models - STEP_INPUT - Got input "upstream" of type "Any". (Type check passed).
2025-12-08 02:44:26 +0000 - dagster - INFO - pipeline_ingest_then_dbt - a6cfcfc7-a621-4fce-9e44-ab668911d4db - run_dbt_models - Starting dbt run. Upstream message: INGESTION_DONE
2025-12-08 02:44:29 +0000 - dagster - INFO - pipeline_ingest_then_dbt - a6cfcfc7-a621-4fce-9e44-ab668911d4db - run_dbt_models - Copying `/opt/dagster/app/dbt/target/partial_parse.msgpack` to `/opt/dagster/app/dbt/target/run_dbt_models-a6cfcfc-022d499/partial_parse.msgpack` to take advantage of partial parsing.
2025-12-08 02:44:29 +0000 - dagster - INFO - pipeline_ingest_then_dbt - a6cfcfc7-a621-4fce-9e44-ab668911d4db - run_dbt_models - Running dbt command: `dbt run`.
2025-12-08 02:44:30 +0000 - dagster - INFO - pipeline_ingest_then_dbt - a6cfcfc7-a621-4fce-9e44-ab668911d4db - run_dbt_models - Running with dbt=1.10.15
2025-12-08 02:44:31 +0000 - dagster - INFO - pipeline_ingest_then_dbt - a6cfcfc7-a621-4fce-9e44-ab668911d4db - run_dbt_models - Registered adapter: postgres=1.9.1
2025-12-08 02:44:31 +0000 - dagster - INFO - pipeline_ingest_then_dbt - a6cfcfc7-a621-4fce-9e44-ab668911d4db - run_dbt_models - Unable to do partial parsing because profile has changed
2025-12-08 02:44:33 +0000 - dagster - INFO - pipeline_ingest_then_dbt - a6cfcfc7-a621-4fce-9e44-ab668911d4db - run_dbt_models - Found 11 models, 1 operation, 1 source, 577 macros
2025-12-08 02:44:33 +0000 - dagster - INFO - pipeline_ingest_then_dbt - a6cfcfc7-a621-4fce-9e44-ab668911d4db - run_dbt_models
2025-12-08 02:44:33 +0000 - dagster - INFO - pipeline_ingest_then_dbt - a6cfcfc7-a621-4fce-9e44-ab668911d4db - run_dbt_models - Concurrency: 4 threads (target='dev')
2025-12-08 02:44:34 +0000 - dagster - INFO - pipeline_ingest_then_dbt - a6cfcfc7-a621-4fce-9e44-ab668911d4db - run_dbt_models
2025-12-08 02:44:34 +0000 - dagster - INFO - pipeline_ingest_then_dbt - a6cfcfc7-a621-4fce-9e44-ab668911d4db - run_dbt_models - 1 of 1 START hook: dbt_project.on-run-start.0 .................................. [RUN]
2025-12-08 02:44:34 +0000 - dagster - INFO - pipeline_ingest_then_dbt - a6cfcfc7-a621-4fce-9e44-ab668911d4db - run_dbt_models - 1 of 1 OK hook: dbt_project.on-run-start.0 ..................................... [[32mOK[0m in 0.03s]
2025-12-08 02:44:34 +0000 - dagster - INFO - pipeline_ingest_then_dbt - a6cfcfc7-a621-4fce-9e44-ab668911d4db - run_dbt_models
2025-12-08 02:44:34 +0000 - dagster - INFO - pipeline_ingest_then_dbt - a6cfcfc7-a621-4fce-9e44-ab668911d4db - run_dbt_models - 1 of 11 START sql incremental model loadsmart_dim.dim_carrier .................. [RUN]
2025-12-08 02:44:34 +0000 - dagster - INFO - pipeline_ingest_then_dbt - a6cfcfc7-a621-4fce-9e44-ab668911d4db - run_dbt_models - 2 of 11 START sql incremental model loadsmart_dim.dim_delivery_location ........ [RUN]
2025-12-08 02:44:34 +0000 - dagster - INFO - pipeline_ingest_then_dbt - a6cfcfc7-a621-4fce-9e44-ab668911d4db - run_dbt_models - 3 of 11 START sql incremental model loadsmart_dim.dim_pickup_location .......... [RUN]
2025-12-08 02:44:34 +0000 - dagster - INFO - pipeline_ingest_then_dbt - a6cfcfc7-a621-4fce-9e44-ab668911d4db - run_dbt_models - 4 of 11 START sql incremental model loadsmart_dim.dim_shipper .................. [RUN]
2025-12-08 02:44:34 +0000 - dagster - INFO - pipeline_ingest_then_dbt - a6cfcfc7-a621-4fce-9e44-ab668911d4db - run_dbt_models - 2 of 11 OK created sql incremental model loadsmart_dim.dim_delivery_location ... [[32mINSERT 0 0[0m in 0.36s]
2025-12-08 02:44:34 +0000 - dagster - INFO - pipeline_ingest_then_dbt - a6cfcfc7-a621-4fce-9e44-ab668911d4db - run_dbt_models - 1 of 11 OK created sql incremental model loadsmart_dim.dim_carrier ............. [[32mINSERT 0 0[0m in 0.37s]
2025-12-08 02:44:34 +0000 - dagster - INFO - pipeline_ingest_then_dbt - a6cfcfc7-a621-4fce-9e44-ab668911d4db - run_dbt_models - 4 of 11 OK created sql incremental model loadsmart_dim.dim_shipper ............. [[32mINSERT 0 0[0m in 0.37s]
2025-12-08 02:44:34 +0000 - dagster - INFO - pipeline_ingest_then_dbt - a6cfcfc7-a621-4fce-9e44-ab668911d4db - run_dbt_models - 3 of 11 OK created sql incremental model loadsmart_dim.dim_pickup_location ..... [[32mINSERT 0 0[0m in 0.37s]
2025-12-08 02:44:34 +0000 - dagster - INFO - pipeline_ingest_then_dbt - a6cfcfc7-a621-4fce-9e44-ab668911d4db - run_dbt_models - 5 of 11 START sql incremental model loadsmart_dim.dim_sourcing_channel ......... [RUN]
2025-12-08 02:44:34 +0000 - dagster - INFO - pipeline_ingest_then_dbt - a6cfcfc7-a621-4fce-9e44-ab668911d4db - run_dbt_models - 6 of 11 START sql table model loadsmart_reports.loadsmart_id_lastmonth_report .. [RUN]
2025-12-08 02:44:34 +0000 - dagster - INFO - pipeline_ingest_then_dbt - a6cfcfc7-a621-4fce-9e44-ab668911d4db - run_dbt_models - 7 of 11 START sql table model public.test_query ................................ [RUN]
2025-12-08 02:44:34 +0000 - dagster - INFO - pipeline_ingest_then_dbt - a6cfcfc7-a621-4fce-9e44-ab668911d4db - run_dbt_models - 7 of 11 OK created sql table model public.test_query ........................... [[32mSELECT 20[0m in 0.15s]
2025-12-08 02:44:34 +0000 - dagster - INFO - pipeline_ingest_then_dbt - a6cfcfc7-a621-4fce-9e44-ab668911d4db - run_dbt_models - 5 of 11 OK created sql incremental model loadsmart_dim.dim_sourcing_channel .... [[32mINSERT 0 0[0m in 0.17s]
2025-12-08 02:44:34 +0000 - dagster - INFO - pipeline_ingest_then_dbt - a6cfcfc7-a621-4fce-9e44-ab668911d4db - run_dbt_models - 6 of 11 OK created sql table model loadsmart_reports.loadsmart_id_lastmonth_report  [[32mSELECT 307[0m in 0.17s]
2025-12-08 02:44:34 +0000 - dagster - INFO - pipeline_ingest_then_dbt - a6cfcfc7-a621-4fce-9e44-ab668911d4db - run_dbt_models - 8 of 11 START sql incremental model loadsmart_fact.fact_loadsmart_load ......... [RUN]
2025-12-08 02:44:35 +0000 - dagster - INFO - pipeline_ingest_then_dbt - a6cfcfc7-a621-4fce-9e44-ab668911d4db - run_dbt_models - 8 of 11 OK created sql incremental model loadsmart_fact.fact_loadsmart_load .... [[32mINSERT 0 0[0m in 0.10s]
2025-12-08 02:44:35 +0000 - dagster - INFO - pipeline_ingest_then_dbt - a6cfcfc7-a621-4fce-9e44-ab668911d4db - run_dbt_models - 9 of 11 START sql table model loadsmart_anl.anl_carrier ........................ [RUN]
2025-12-08 02:44:35 +0000 - dagster - INFO - pipeline_ingest_then_dbt - a6cfcfc7-a621-4fce-9e44-ab668911d4db - run_dbt_models - 10 of 11 START sql table model loadsmart_anl.anl_delivery_location ............. [RUN]
2025-12-08 02:44:35 +0000 - dagster - INFO - pipeline_ingest_then_dbt - a6cfcfc7-a621-4fce-9e44-ab668911d4db - run_dbt_models - 11 of 11 START sql table model loadsmart_anl.anl_pickup_location ............... [RUN]
2025-12-08 02:44:35 +0000 - dagster - INFO - pipeline_ingest_then_dbt - a6cfcfc7-a621-4fce-9e44-ab668911d4db - run_dbt_models - 9 of 11 OK created sql table model loadsmart_anl.anl_carrier ................... [[32mSELECT 4496[0m in 0.15s]
2025-12-08 02:44:35 +0000 - dagster - INFO - pipeline_ingest_then_dbt - a6cfcfc7-a621-4fce-9e44-ab668911d4db - run_dbt_models - 10 of 11 OK created sql table model loadsmart_anl.anl_delivery_location ........ [[32mSELECT 3660[0m in 0.15s]
2025-12-08 02:44:35 +0000 - dagster - INFO - pipeline_ingest_then_dbt - a6cfcfc7-a621-4fce-9e44-ab668911d4db - run_dbt_models - 11 of 11 OK created sql table model loadsmart_anl.anl_pickup_location .......... [[32mSELECT 3584[0m in 0.15s]
2025-12-08 02:44:35 +0000 - dagster - INFO - pipeline_ingest_then_dbt - a6cfcfc7-a621-4fce-9e44-ab668911d4db - run_dbt_models
2025-12-08 02:44:35 +0000 - dagster - INFO - pipeline_ingest_then_dbt - a6cfcfc7-a621-4fce-9e44-ab668911d4db - run_dbt_models - Finished running 6 incremental models, 1 project hook, 5 table models in 0 hours 0 minutes and 1.10 seconds (1.10s).
2025-12-08 02:44:35 +0000 - dagster - INFO - pipeline_ingest_then_dbt - a6cfcfc7-a621-4fce-9e44-ab668911d4db - run_dbt_models
2025-12-08 02:44:35 +0000 - dagster - INFO - pipeline_ingest_then_dbt - a6cfcfc7-a621-4fce-9e44-ab668911d4db - run_dbt_models - [32mCompleted successfully[0m
2025-12-08 02:44:35 +0000 - dagster - INFO - pipeline_ingest_then_dbt - a6cfcfc7-a621-4fce-9e44-ab668911d4db - run_dbt_models
2025-12-08 02:44:35 +0000 - dagster - INFO - pipeline_ingest_then_dbt - a6cfcfc7-a621-4fce-9e44-ab668911d4db - run_dbt_models - Done. PASS=12 WARN=0 ERROR=0 SKIP=0 NO-OP=0 TOTAL=12
2025-12-08 02:44:35 +0000 - dagster - INFO - pipeline_ingest_then_dbt - a6cfcfc7-a621-4fce-9e44-ab668911d4db - run_dbt_models - Finished dbt command: `dbt run`.
2025-12-08 02:44:35 +0000 - dagster - INFO - pipeline_ingest_then_dbt - a6cfcfc7-a621-4fce-9e44-ab668911d4db - run_dbt_models - Finished dbt command: `dbt run`.
2025-12-08 02:44:35 +0000 - dagster - INFO - pipeline_ingest_then_dbt - a6cfcfc7-a621-4fce-9e44-ab668911d4db - run_dbt_models - dbt run executed successfully.
2025-12-08 02:44:36 +0000 - dagster - DEBUG - pipeline_ingest_then_dbt - a6cfcfc7-a621-4fce-9e44-ab668911d4db - 179 - run_dbt_models - STEP_OUTPUT - Yielded output "result" of type "Any". (Type check passed).
2025-12-08 02:44:36 +0000 - dagster - DEBUG - pipeline_ingest_then_dbt - a6cfcfc7-a621-4fce-9e44-ab668911d4db - run_dbt_models - Writing file at: /opt/dagster/app/storage/a6cfcfc7-a621-4fce-9e44-ab668911d4db/run_dbt_models/result using PickledObjectFilesystemIOManager...
2025-12-08 02:44:36 +0000 - dagster - DEBUG - pipeline_ingest_then_dbt - a6cfcfc7-a621-4fce-9e44-ab668911d4db - 179 - run_dbt_models - HANDLED_OUTPUT - Handled output "result" using IO manager "io_manager"
2025-12-08 02:44:36 +0000 - dagster - DEBUG - pipeline_ingest_then_dbt - a6cfcfc7-a621-4fce-9e44-ab668911d4db - 179 - run_dbt_models - STEP_SUCCESS - Finished execution of step "run_dbt_models" in 9.91s.
