2025-12-08 02:13:07 +0000 - dagster - DEBUG - pipeline_ingest_then_dbt - 86123825-5969-4bd6-9ce3-7fc7baaa2b52 - 270 - LOGS_CAPTURED - Started capturing logs in process (pid: 270).
2025-12-08 02:13:07 +0000 - dagster - DEBUG - pipeline_ingest_then_dbt - 86123825-5969-4bd6-9ce3-7fc7baaa2b52 - 270 - run_dbt_models - STEP_START - Started execution of step "run_dbt_models".
2025-12-08 02:13:10 +0000 - dagster - INFO - pipeline_ingest_then_dbt - 86123825-5969-4bd6-9ce3-7fc7baaa2b52 - run_dbt_models - Copying `/opt/dagster/app/dbt/target/partial_parse.msgpack` to `/opt/dagster/app/dbt/target/run_dbt_models-8612382-d9bd0de/partial_parse.msgpack` to take advantage of partial parsing.
2025-12-08 02:13:10 +0000 - dagster - INFO - pipeline_ingest_then_dbt - 86123825-5969-4bd6-9ce3-7fc7baaa2b52 - run_dbt_models - Running dbt command: `dbt run`.
2025-12-08 02:13:16 +0000 - dagster - INFO - pipeline_ingest_then_dbt - 86123825-5969-4bd6-9ce3-7fc7baaa2b52 - run_dbt_models - Finished dbt command: `dbt run`.
2025-12-08 02:13:16 +0000 - dagster - INFO - pipeline_ingest_then_dbt - 86123825-5969-4bd6-9ce3-7fc7baaa2b52 - run_dbt_models - Finished dbt command: `dbt run`.
2025-12-08 02:13:16 +0000 - dagster - ERROR - pipeline_ingest_then_dbt - 86123825-5969-4bd6-9ce3-7fc7baaa2b52 - 270 - run_dbt_models - STEP_FAILURE - Execution of step "run_dbt_models" failed.

dagster._core.errors.DagsterExecutionStepExecutionError: Error occurred while executing op "run_dbt_models"::

AttributeError: 'DbtCliInvocation' object has no attribute 'success'

Stack Trace:
  File "/usr/local/lib/python3.10/site-packages/dagster/_core/execution/plan/utils.py", line 57, in op_execution_error_boundary
    yield
  File "/usr/local/lib/python3.10/site-packages/dagster/_utils/__init__.py", line 394, in iterate_with_context
    next_output = next(iterator)
  File "/usr/local/lib/python3.10/site-packages/dagster/_core/execution/plan/compute_generator.py", line 135, in _coerce_op_compute_fn_to_iterator
    result = invoke_compute_fn(
  File "/usr/local/lib/python3.10/site-packages/dagster/_core/execution/plan/compute_generator.py", line 115, in invoke_compute_fn
    return fn(context, **args_to_pass) if context_arg_provided else fn(**args_to_pass)
  File "/opt/dagster/app/ops/run_dbt.py", line 20, in run_dbt_models
    if not result.success:

